2025-08-15 15:08:26	POST - /api/auth/register
2025-08-15 15:08:43	POST - /api/auth/register
2025-08-16 12:53:26	POST - /api/auth/register
2025-08-16 12:54:34	POST - /api/auth/login
2025-08-16 12:56:53	POST - /api/auth/send-otp
2025-08-16 13:06:40	POST - /api/auth/verify-otp
2025-08-16 13:07:16	POST - /api/auth/verify-otp
2025-08-16 13:07:26	POST - /api/auth/send-otp
2025-08-16 13:08:10	POST - /api/auth/verify-otp
2025-08-16 13:08:28	POST - /api/auth/login
2025-08-16 13:10:34	GET - /api/videos
2025-08-16 13:10:55	GET - /api/videos
2025-08-16 13:17:38	GET - /api/videos
2025-08-16 13:24:48	GET - /api/videos
2025-08-16 13:33:00	GET - /api/videos
2025-08-16 13:33:23	GET - /api/videos
2025-08-16 13:44:28	GET - /api/videos
2025-08-16 13:49:58	GET - /api/videos
2025-08-16 13:51:18	GET - /api/videos
2025-08-16 13:53:32	GET - /api/videos
2025-08-16 14:04:40	GET - /api/videos
2025-08-16 14:06:55	GET - /api/videos
2025-08-16 14:58:58	GET - /api/videos
2025-08-16 15:00:01	GET - /api/videos
2025-08-16 15:00:10	GET - /api/videos
2025-08-16 15:01:44	GET - /api/videos
2025-08-16 15:02:22	GET - /api/videos
2025-08-16 15:03:31	GET - /api/videos
2025-08-16 15:04:07	GET - /api/videos
2025-08-16 15:08:37	GET - /api/videos
2025-08-16 15:09:08	GET - /api/videos
2025-08-16 15:09:33	GET - /api/videos
2025-08-16 15:09:44	GET - /api/videos
2025-08-16 15:20:34	GET - /api/videos
2025-08-16 15:28:43	GET - /api/videos
2025-08-16 15:28:46	GET - /api/videos
2025-08-16 15:30:20	GET - /api/videos
2025-08-16 15:30:49	GET - /api/videos
2025-08-16 15:41:56	GET - /api/videos
2025-08-16 15:56:28	GET - /api/videos
2025-08-16 15:56:30	GET - /api/videos
2025-08-16 15:58:54	GET - /api/videos
2025-08-16 16:02:39	GET - /api/videos
2025-08-16 16:06:15	GET - /api/videos
2025-08-16 20:33:10	POST - /api/uploads/avatar
2025-08-16 20:41:20	POST - /api/uploads/avatar
2025-08-16 20:42:15	GET - /api/uploads/video
2025-08-16 20:42:26	POST - /api/uploads/video
2025-08-16 22:06:12	GET - /api/videos
2025-08-16 22:34:40	GET - /api/videos
2025-08-16 22:39:01	GET - /api/videos
2025-08-16 22:54:48	GET - /api/videos
2025-08-16 22:55:54	GET - /api/videos
2025-08-16 22:56:49	GET - /api/videos
2025-08-16 22:59:48	GET - /api/videos
2025-08-16 23:52:03	GET - /api/my-videos
2025-08-16 23:52:39	POST - /api/auth/login
2025-08-16 23:53:34	GET - /api/my-videos
2025-08-16 23:54:00	GET - /api/my-videos
2025-08-16 23:54:11	GET - /api/my-videos
2025-08-16 23:54:37	GET - /api/my-videos
2025-08-17 00:13:02	GET - /api/videos/5
2025-08-17 00:14:02	GET - /api/videos/5
2025-08-17 00:18:34	GET - /api/videos/5
2025-08-17 00:51:09	POST - /api/videos
2025-08-17 00:52:21	POST - /api/videos
2025-08-17 16:14:26	PUT - /api/videos/31
2025-08-17 16:14:38	PUT - /api/videos/31
2025-08-17 16:15:05	PUT - /api/videos/32
2025-08-17 16:20:40	PUT - /api/videos/rest
2025-08-17 17:29:38	POST - /view-video/31
2025-08-17 17:29:52	POST - /api/view-video/31
2025-08-17 17:31:48	POST - /api/view-video/31
2025-08-17 17:32:47	POST - /api/view-video/31
2025-08-17 17:33:23	POST - /api/auth/login
2025-08-17 17:34:04	GET - /api/my-videos
2025-08-17 17:35:15	GET - /api/my-videos
2025-08-17 18:14:25	POST - /api/view-video/32
2025-08-17 18:16:50	POST - /api/view-video/32
2025-08-17 18:17:34	POST - /api/publish-video/31
2025-08-18 10:18:57	POST - /api/auth/login
2025-08-18 10:20:51	POST - /api/upgrade-to-creator
2025-08-18 10:28:14	POST - /api/upgrade-to-creator
2025-08-18 10:32:39	GET - /api/admin/creators
2025-08-18 10:36:55	GET - /api/admin/creators
2025-08-18 10:39:42	GET - /api/admin/creators
2025-08-18 10:40:06	GET - /api/admin/creators
2025-08-18 10:41:56	GET - /api/admin/creators
2025-08-18 10:43:23	GET - /api/admin/creators
2025-08-18 10:43:40	GET - /api/admin/creators
2025-08-18 10:43:54	GET - /api/admin/creators
2025-08-18 10:45:20	GET - /api/admin/creators
2025-08-18 10:46:55	GET - /api/admin/creators
2025-08-18 10:47:13	GET - /api/admin/creators/4
2025-08-18 10:48:06	GET - /api/admin/creators/4
2025-08-18 10:49:11	POST - /api/admin/approve-creator/6
2025-08-18 10:55:17	POST - /api/archive-video/31
2025-08-18 10:56:13	POST - /api/auth/login
2025-08-18 10:56:55	POST - /api/archive-video/31
2025-08-18 10:57:04	POST - /api/archive-video/31
2025-08-18 11:00:07	POST - /api/admin/approve-creator/6
2025-08-18 11:00:49	POST - /api/auth/login
2025-08-18 11:01:18	POST - /api/archive-video/31
2025-08-18 11:01:37	POST - /api/publish-video/31
2025-08-19 16:05:56	GET - /api/videos
2025-08-19 16:07:33	GET - /api/follow
2025-08-19 16:07:42	POST - /api/follow
2025-08-19 16:08:34	POST - /api/follow
2025-08-19 16:27:17	POST - /api/unfollow
2025-08-19 16:28:20	DELETE - /api/unfollow
2025-08-19 16:31:07	POST - /api/is-following
2025-08-19 16:32:34	POST - /api/is-following/4
2025-08-19 16:32:47	GET - /api/is-following/4
2025-08-19 16:32:54	GET - /api/is-following/2
2025-08-19 16:32:56	GET - /api/is-following/2
2025-08-19 16:46:10	GET - /api/is-following/4
2025-08-19 16:46:20	GET - /api/is-following/2
2025-08-19 16:47:19	GET - /api/is-following/2
2025-08-19 16:47:25	GET - /api/is-following/4
2025-08-19 16:50:55	GET - /api/followers
2025-08-19 16:52:14	GET - /api/followings
2025-08-19 16:52:26	GET - /api/followings
2025-08-19 20:27:09	GET - /api/my-videos
2025-08-19 20:27:53	GET - /api/is-liked/31
2025-08-19 20:28:38	POST - /api/toggle-like/31
2025-08-19 20:29:04	GET - /api/is-liked/31
2025-08-19 20:29:14	POST - /api/toggle-like/31
2025-08-19 20:29:31	POST - /api/toggle-like/31
2025-08-19 20:30:46	POST - /api/comment
2025-08-19 20:30:57	POST - /api/comment
2025-08-19 20:31:23	GET - /api/comment/31
2025-08-19 20:31:58	POST - /api/comment
2025-08-19 20:32:48	POST - /api/comment
2025-08-19 20:33:06	GET - /api/comment/31
2025-08-19 20:33:54	PUT - /api/comment
2025-08-19 20:34:07	PUT - /api/comment
2025-08-19 20:39:18	POST - /api/comment
2025-08-19 20:39:28	GET - /api/comment/31
2025-08-19 20:40:22	DELETE - /api/comment/31
2025-08-19 20:40:34	POST - /api/comment
2025-08-19 20:52:44	POST - /api/auth/change-password
2025-08-19 20:53:13	POST - /api/auth/change-password
2025-08-19 20:53:21	POST - /api/auth/change-password
2025-08-19 20:53:38	POST - /api/auth/login
2025-08-19 20:53:46	POST - /api/auth/login
2025-08-19 20:54:32	POST - /api/auth/reset-password
2025-08-19 20:54:39	POST - /api/auth/reset-password
